2023-09-06 12:09:32 [background-preinit] INFO  : HV000001: Hibernate Validator 8.0.1.Final
2023-09-06 12:09:32 [main] INFO  : Starting CspApplication using Java 17.0.6 with PID 8380 (D:\csp\parent\csp\target\classes started by purushothamp in D:\csp\parent)
2023-09-06 12:09:32 [main] DEBUG : Running with Spring Boot v3.1.2, Spring v6.0.11
2023-09-06 12:09:32 [main] INFO  : No active profile set, falling back to 1 default profile: "default"
2023-09-06 12:09:35 [main] INFO  : Bootstrapping Spring Data JPA repositories in DEFAULT mode.
2023-09-06 12:09:35 [main] INFO  : Finished Spring Data repository scanning in 477 ms. Found 3 JPA repository interfaces.
2023-09-06 12:09:36 [main] INFO  : BeanFactory id=20e45bc2-c390-3cfd-b3a2-0625fd8b7ce8
2023-09-06 12:09:37 [main] INFO  : Tomcat initialized with port(s): 8080 (http)
2023-09-06 12:09:37 [main] INFO  : Initializing ProtocolHandler ["http-nio-8080"]
2023-09-06 12:09:37 [main] INFO  : Starting service [Tomcat]
2023-09-06 12:09:37 [main] INFO  : Starting Servlet engine: [Apache Tomcat/10.1.11]
2023-09-06 12:09:38 [main] INFO  : Initializing Spring embedded WebApplicationContext
2023-09-06 12:09:38 [main] INFO  : Root WebApplicationContext: initialization completed in 5535 ms
2023-09-06 12:09:38 [main] INFO  : HHH000204: Processing PersistenceUnitInfo [name: default]
2023-09-06 12:09:38 [main] INFO  : HHH000412: Hibernate ORM core version 6.2.6.Final
2023-09-06 12:09:38 [main] INFO  : HHH000406: Using bytecode reflection optimizer
2023-09-06 12:09:39 [main] INFO  : HHH000021: Bytecode provider name : bytebuddy
2023-09-06 12:09:39 [main] INFO  : No LoadTimeWeaver setup: ignoring JPA class transformer
2023-09-06 12:09:39 [main] INFO  : HikariPool-1 - Starting...
2023-09-06 12:09:40 [main] INFO  : HikariPool-1 - Added connection com.mysql.cj.jdbc.ConnectionImpl@1e95f584
2023-09-06 12:09:40 [main] INFO  : HikariPool-1 - Start completed.
2023-09-06 12:09:40 [main] WARN  : HHH90000026: MySQL8Dialect has been deprecated; use org.hibernate.dialect.MySQLDialect instead
2023-09-06 12:09:40 [main] INFO  : HHH000021: Bytecode provider name : bytebuddy
2023-09-06 12:09:42 [main] INFO  : HHH000490: Using JtaPlatform implementation: [org.hibernate.engine.transaction.jta.platform.internal.NoJtaPlatform]
2023-09-06 12:09:42 [main] INFO  : Initialized JPA EntityManagerFactory for persistence unit 'default'
2023-09-06 12:09:43 [main] INFO  : Hibernate is in classpath; If applicable, HQL parser will be used.
2023-09-06 12:09:44 [main] WARN  : spring.jpa.open-in-view is enabled by default. Therefore, database queries may be performed during view rendering. Explicitly configure spring.jpa.open-in-view to disable this warning
2023-09-06 12:09:46 [main] INFO  : Eureka HTTP Client uses RestTemplate.
2023-09-06 12:09:46 [main] WARN  : Spring Cloud LoadBalancer is currently working with the default cache. While this cache implementation is useful for development and tests, it's recommended to use Caffeine cache in production.You can switch to using Caffeine cache, by adding it and org.springframework.cache.caffeine.CaffeineCacheManager to the classpath.
2023-09-06 12:09:46 [main] INFO  : Setting initial instance status as: STARTING
2023-09-06 12:09:46 [main] INFO  : Initializing Eureka in region us-east-1
2023-09-06 12:09:46 [main] INFO  : Resolving eureka endpoints via configuration
2023-09-06 12:09:46 [main] INFO  : Disable delta property : false
2023-09-06 12:09:46 [main] INFO  : Single vip registry refresh property : null
2023-09-06 12:09:46 [main] INFO  : Force full registry fetch : false
2023-09-06 12:09:46 [main] INFO  : Application is null : false
2023-09-06 12:09:46 [main] INFO  : Registered Applications size is zero : true
2023-09-06 12:09:46 [main] INFO  : Application version is -1: true
2023-09-06 12:09:46 [main] INFO  : Getting all instance registry info from the eureka server
2023-09-06 12:09:48 [main] INFO  : The response status is 200
2023-09-06 12:09:48 [main] INFO  : Starting heartbeat executor: renew interval is: 30
2023-09-06 12:09:48 [main] INFO  : InstanceInfoReplicator onDemand update allowed rate per min is 4
2023-09-06 12:09:48 [main] INFO  : Discovery Client initialized at timestamp 1693982388282 with initial instances count: 0
2023-09-06 12:09:48 [main] INFO  : Registering application CSP-SERVICE with eureka with status UP
2023-09-06 12:09:48 [main] INFO  : Saw local status change event StatusChangeEvent [timestamp=1693982388298, current=UP, previous=STARTING]
2023-09-06 12:09:48 [DiscoveryClient-InstanceInfoReplicator-0] INFO  : DiscoveryClient_CSP-SERVICE/MAVLT1462.mavericsystems.lan:CSP-SERVICE: registering service...
2023-09-06 12:09:48 [main] INFO  : Starting ProtocolHandler ["http-nio-8080"]
2023-09-06 12:09:48 [main] INFO  : Tomcat started on port(s): 8080 (http) with context path ''
2023-09-06 12:09:48 [main] INFO  : Updating port to 8080
2023-09-06 12:09:48 [main] INFO  : Started CspApplication in 17.508 seconds (process running for 19.506)
2023-09-06 12:09:48 [DiscoveryClient-InstanceInfoReplicator-0] INFO  : DiscoveryClient_CSP-SERVICE/MAVLT1462.mavericsystems.lan:CSP-SERVICE - registration status: 204
2023-09-06 12:10:07 [http-nio-8080-exec-1] INFO  : Initializing Spring DispatcherServlet 'dispatcherServlet'
2023-09-06 12:10:07 [http-nio-8080-exec-1] INFO  : Initializing Servlet 'dispatcherServlet'
2023-09-06 12:10:07 [http-nio-8080-exec-1] INFO  : Completed initialization in 2 ms
2023-09-06 12:10:09 [http-nio-8080-exec-5] INFO  : Init duration for springdoc-openapi is: 829 ms
2023-09-06 12:10:18 [DiscoveryClient-CacheRefreshExecutor-0] INFO  : Disable delta property : false
2023-09-06 12:10:18 [DiscoveryClient-CacheRefreshExecutor-0] INFO  : Single vip registry refresh property : null
2023-09-06 12:10:18 [DiscoveryClient-CacheRefreshExecutor-0] INFO  : Force full registry fetch : false
2023-09-06 12:10:18 [DiscoveryClient-CacheRefreshExecutor-0] INFO  : Application is null : false
2023-09-06 12:10:18 [DiscoveryClient-CacheRefreshExecutor-0] INFO  : Registered Applications size is zero : true
2023-09-06 12:10:18 [DiscoveryClient-CacheRefreshExecutor-0] INFO  : Application version is -1: false
2023-09-06 12:10:18 [DiscoveryClient-CacheRefreshExecutor-0] INFO  : Getting all instance registry info from the eureka server
2023-09-06 12:10:18 [DiscoveryClient-CacheRefreshExecutor-0] INFO  : The response status is 200
2023-09-06 12:10:34 [http-nio-8080-exec-6] ERROR : Servlet.service() for servlet [dispatcherServlet] in context with path [] threw exception [Request processing failed: java.lang.IllegalStateException: Ambiguous handler methods mapped for '/session/A': {public org.springframework.http.ResponseEntity com.maveric.csp.controller.SessionController.findSessionById(java.lang.String), public org.springframework.http.ResponseEntity com.maveric.csp.controller.SessionController.findByStatus(char,int,int) throws java.text.ParseException}] with root cause
java.lang.IllegalStateException: Ambiguous handler methods mapped for '/session/A': {public org.springframework.http.ResponseEntity com.maveric.csp.controller.SessionController.findSessionById(java.lang.String), public org.springframework.http.ResponseEntity com.maveric.csp.controller.SessionController.findByStatus(char,int,int) throws java.text.ParseException}
	at org.springframework.web.servlet.handler.AbstractHandlerMethodMapping.lookupHandlerMethod(AbstractHandlerMethodMapping.java:431)
	at org.springframework.web.servlet.handler.AbstractHandlerMethodMapping.getHandlerInternal(AbstractHandlerMethodMapping.java:382)
	at org.springframework.web.servlet.mvc.method.RequestMappingInfoHandlerMapping.getHandlerInternal(RequestMappingInfoHandlerMapping.java:126)
	at org.springframework.web.servlet.mvc.method.RequestMappingInfoHandlerMapping.getHandlerInternal(RequestMappingInfoHandlerMapping.java:68)
	at org.springframework.web.servlet.handler.AbstractHandlerMapping.getHandler(AbstractHandlerMapping.java:505)
	at org.springframework.web.servlet.DispatcherServlet.getHandler(DispatcherServlet.java:1275)
	at org.springframework.web.servlet.DispatcherServlet.doDispatch(DispatcherServlet.java:1057)
	at org.springframework.web.servlet.DispatcherServlet.doService(DispatcherServlet.java:974)
	at org.springframework.web.servlet.FrameworkServlet.processRequest(FrameworkServlet.java:1011)
	at org.springframework.web.servlet.FrameworkServlet.doGet(FrameworkServlet.java:903)
	at jakarta.servlet.http.HttpServlet.service(HttpServlet.java:564)
	at org.springframework.web.servlet.FrameworkServlet.service(FrameworkServlet.java:885)
	at jakarta.servlet.http.HttpServlet.service(HttpServlet.java:658)
	at org.apache.catalina.core.ApplicationFilterChain.internalDoFilter(ApplicationFilterChain.java:205)
	at org.apache.catalina.core.ApplicationFilterChain.doFilter(ApplicationFilterChain.java:149)
	at org.apache.tomcat.websocket.server.WsFilter.doFilter(WsFilter.java:51)
	at org.apache.catalina.core.ApplicationFilterChain.internalDoFilter(ApplicationFilterChain.java:174)
	at org.apache.catalina.core.ApplicationFilterChain.doFilter(ApplicationFilterChain.java:149)
	at org.springframework.web.filter.RequestContextFilter.doFilterInternal(RequestContextFilter.java:100)
	at org.springframework.web.filter.OncePerRequestFilter.doFilter(OncePerRequestFilter.java:116)
	at org.apache.catalina.core.ApplicationFilterChain.internalDoFilter(ApplicationFilterChain.java:174)
	at org.apache.catalina.core.ApplicationFilterChain.doFilter(ApplicationFilterChain.java:149)
	at org.springframework.web.filter.FormContentFilter.doFilterInternal(FormContentFilter.java:93)
	at org.springframework.web.filter.OncePerRequestFilter.doFilter(OncePerRequestFilter.java:116)
	at org.apache.catalina.core.ApplicationFilterChain.internalDoFilter(ApplicationFilterChain.java:174)
	at org.apache.catalina.core.ApplicationFilterChain.doFilter(ApplicationFilterChain.java:149)
	at org.springframework.web.filter.CharacterEncodingFilter.doFilterInternal(CharacterEncodingFilter.java:201)
	at org.springframework.web.filter.OncePerRequestFilter.doFilter(OncePerRequestFilter.java:116)
	at org.apache.catalina.core.ApplicationFilterChain.internalDoFilter(ApplicationFilterChain.java:174)
	at org.apache.catalina.core.ApplicationFilterChain.doFilter(ApplicationFilterChain.java:149)
	at org.apache.catalina.core.StandardWrapperValve.invoke(StandardWrapperValve.java:166)
	at org.apache.catalina.core.StandardContextValve.invoke(StandardContextValve.java:90)
	at org.apache.catalina.authenticator.AuthenticatorBase.invoke(AuthenticatorBase.java:482)
	at org.apache.catalina.core.StandardHostValve.invoke(StandardHostValve.java:115)
	at org.apache.catalina.valves.ErrorReportValve.invoke(ErrorReportValve.java:93)
	at org.apache.catalina.core.StandardEngineValve.invoke(StandardEngineValve.java:74)
	at org.apache.catalina.connector.CoyoteAdapter.service(CoyoteAdapter.java:341)
	at org.apache.coyote.http11.Http11Processor.service(Http11Processor.java:391)
	at org.apache.coyote.AbstractProcessorLight.process(AbstractProcessorLight.java:63)
	at org.apache.coyote.AbstractProtocol$ConnectionHandler.process(AbstractProtocol.java:894)
	at org.apache.tomcat.util.net.NioEndpoint$SocketProcessor.doRun(NioEndpoint.java:1740)
	at org.apache.tomcat.util.net.SocketProcessorBase.run(SocketProcessorBase.java:52)
	at org.apache.tomcat.util.threads.ThreadPoolExecutor.runWorker(ThreadPoolExecutor.java:1191)
	at org.apache.tomcat.util.threads.ThreadPoolExecutor$Worker.run(ThreadPoolExecutor.java:659)
	at org.apache.tomcat.util.threads.TaskThread$WrappingRunnable.run(TaskThread.java:61)
	at java.base/java.lang.Thread.run(Thread.java:833)
2023-09-06 12:11:50 [SpringApplicationShutdownHook] INFO  : Unregistering application CSP-SERVICE with eureka with status DOWN
2023-09-06 12:11:50 [SpringApplicationShutdownHook] INFO  : Saw local status change event StatusChangeEvent [timestamp=1693982510085, current=DOWN, previous=UP]
2023-09-06 12:11:50 [DiscoveryClient-InstanceInfoReplicator-0] INFO  : DiscoveryClient_CSP-SERVICE/MAVLT1462.mavericsystems.lan:CSP-SERVICE: registering service...
2023-09-06 12:11:50 [DiscoveryClient-InstanceInfoReplicator-0] INFO  : DiscoveryClient_CSP-SERVICE/MAVLT1462.mavericsystems.lan:CSP-SERVICE - registration status: 204
2023-09-06 12:11:50 [SpringApplicationShutdownHook] INFO  : Closing JPA EntityManagerFactory for persistence unit 'default'
2023-09-06 12:11:50 [SpringApplicationShutdownHook] INFO  : HikariPool-1 - Shutdown initiated...
2023-09-06 12:11:50 [SpringApplicationShutdownHook] INFO  : HikariPool-1 - Shutdown completed.
2023-09-06 12:11:50 [SpringApplicationShutdownHook] INFO  : Shutting down DiscoveryClient ...
2023-09-06 12:11:53 [SpringApplicationShutdownHook] INFO  : Unregistering ...
2023-09-06 12:11:53 [SpringApplicationShutdownHook] INFO  : DiscoveryClient_CSP-SERVICE/MAVLT1462.mavericsystems.lan:CSP-SERVICE - deregister  status: 200
2023-09-06 12:11:53 [SpringApplicationShutdownHook] INFO  : Completed shut down of DiscoveryClient
2023-09-06 12:12:09 [background-preinit] INFO  : HV000001: Hibernate Validator 8.0.1.Final
2023-09-06 12:12:09 [main] INFO  : Starting CspApplication using Java 17.0.6 with PID 24960 (D:\csp\parent\csp\target\classes started by purushothamp in D:\csp\parent)
2023-09-06 12:12:09 [main] DEBUG : Running with Spring Boot v3.1.2, Spring v6.0.11
2023-09-06 12:12:09 [main] INFO  : No active profile set, falling back to 1 default profile: "default"
2023-09-06 12:12:11 [main] INFO  : Bootstrapping Spring Data JPA repositories in DEFAULT mode.
2023-09-06 12:12:11 [main] INFO  : Finished Spring Data repository scanning in 351 ms. Found 3 JPA repository interfaces.
2023-09-06 12:12:12 [main] INFO  : BeanFactory id=20e45bc2-c390-3cfd-b3a2-0625fd8b7ce8
2023-09-06 12:12:13 [main] INFO  : Tomcat initialized with port(s): 8080 (http)
2023-09-06 12:12:13 [main] INFO  : Initializing ProtocolHandler ["http-nio-8080"]
2023-09-06 12:12:13 [main] INFO  : Starting service [Tomcat]
2023-09-06 12:12:13 [main] INFO  : Starting Servlet engine: [Apache Tomcat/10.1.11]
2023-09-06 12:12:14 [main] INFO  : Initializing Spring embedded WebApplicationContext
2023-09-06 12:12:14 [main] INFO  : Root WebApplicationContext: initialization completed in 4677 ms
2023-09-06 12:12:14 [main] INFO  : HHH000204: Processing PersistenceUnitInfo [name: default]
2023-09-06 12:12:14 [main] INFO  : HHH000412: Hibernate ORM core version 6.2.6.Final
2023-09-06 12:12:14 [main] INFO  : HHH000406: Using bytecode reflection optimizer
2023-09-06 12:12:15 [main] INFO  : HHH000021: Bytecode provider name : bytebuddy
2023-09-06 12:12:15 [main] INFO  : No LoadTimeWeaver setup: ignoring JPA class transformer
2023-09-06 12:12:15 [main] INFO  : HikariPool-1 - Starting...
2023-09-06 12:12:15 [main] INFO  : HikariPool-1 - Added connection com.mysql.cj.jdbc.ConnectionImpl@77a9ac36
2023-09-06 12:12:15 [main] INFO  : HikariPool-1 - Start completed.
2023-09-06 12:12:16 [main] WARN  : HHH90000026: MySQL8Dialect has been deprecated; use org.hibernate.dialect.MySQLDialect instead
2023-09-06 12:12:16 [main] INFO  : HHH000021: Bytecode provider name : bytebuddy
2023-09-06 12:12:18 [main] INFO  : HHH000490: Using JtaPlatform implementation: [org.hibernate.engine.transaction.jta.platform.internal.NoJtaPlatform]
2023-09-06 12:12:18 [main] INFO  : Initialized JPA EntityManagerFactory for persistence unit 'default'
2023-09-06 12:12:19 [main] INFO  : Hibernate is in classpath; If applicable, HQL parser will be used.
2023-09-06 12:12:20 [main] WARN  : spring.jpa.open-in-view is enabled by default. Therefore, database queries may be performed during view rendering. Explicitly configure spring.jpa.open-in-view to disable this warning
2023-09-06 12:12:21 [main] INFO  : Eureka HTTP Client uses RestTemplate.
2023-09-06 12:12:22 [main] WARN  : Spring Cloud LoadBalancer is currently working with the default cache. While this cache implementation is useful for development and tests, it's recommended to use Caffeine cache in production.You can switch to using Caffeine cache, by adding it and org.springframework.cache.caffeine.CaffeineCacheManager to the classpath.
2023-09-06 12:12:22 [main] INFO  : Setting initial instance status as: STARTING
2023-09-06 12:12:22 [main] INFO  : Initializing Eureka in region us-east-1
2023-09-06 12:12:22 [main] INFO  : Resolving eureka endpoints via configuration
2023-09-06 12:12:22 [main] INFO  : Disable delta property : false
2023-09-06 12:12:22 [main] INFO  : Single vip registry refresh property : null
2023-09-06 12:12:22 [main] INFO  : Force full registry fetch : false
2023-09-06 12:12:22 [main] INFO  : Application is null : false
2023-09-06 12:12:22 [main] INFO  : Registered Applications size is zero : true
2023-09-06 12:12:22 [main] INFO  : Application version is -1: true
2023-09-06 12:12:22 [main] INFO  : Getting all instance registry info from the eureka server
2023-09-06 12:12:23 [main] INFO  : The response status is 200
2023-09-06 12:12:23 [main] INFO  : Starting heartbeat executor: renew interval is: 30
2023-09-06 12:12:23 [main] INFO  : InstanceInfoReplicator onDemand update allowed rate per min is 4
2023-09-06 12:12:23 [main] INFO  : Discovery Client initialized at timestamp 1693982543528 with initial instances count: 0
2023-09-06 12:12:23 [main] INFO  : Registering application CSP-SERVICE with eureka with status UP
2023-09-06 12:12:23 [main] INFO  : Saw local status change event StatusChangeEvent [timestamp=1693982543547, current=UP, previous=STARTING]
2023-09-06 12:12:23 [main] INFO  : Starting ProtocolHandler ["http-nio-8080"]
2023-09-06 12:12:23 [DiscoveryClient-InstanceInfoReplicator-0] INFO  : DiscoveryClient_CSP-SERVICE/MAVLT1462.mavericsystems.lan:CSP-SERVICE: registering service...
2023-09-06 12:12:23 [main] INFO  : Tomcat started on port(s): 8080 (http) with context path ''
2023-09-06 12:12:23 [main] INFO  : Updating port to 8080
2023-09-06 12:12:23 [DiscoveryClient-InstanceInfoReplicator-0] INFO  : DiscoveryClient_CSP-SERVICE/MAVLT1462.mavericsystems.lan:CSP-SERVICE - registration status: 204
2023-09-06 12:12:23 [main] INFO  : Started CspApplication in 15.631 seconds (process running for 17.033)
2023-09-06 12:12:35 [http-nio-8080-exec-1] INFO  : Initializing Spring DispatcherServlet 'dispatcherServlet'
2023-09-06 12:12:35 [http-nio-8080-exec-1] INFO  : Initializing Servlet 'dispatcherServlet'
2023-09-06 12:12:35 [http-nio-8080-exec-1] INFO  : Completed initialization in 2 ms
2023-09-06 12:12:36 [http-nio-8080-exec-3] INFO  : Init duration for springdoc-openapi is: 653 ms
2023-09-06 12:12:42 [http-nio-8080-exec-5] INFO  : Entering com.maveric.csp.serviceimpl.SessionServiceImpl.findWithStatus
2023-09-06 12:12:51 [http-nio-8080-exec-6] INFO  : Entering com.maveric.csp.serviceimpl.SessionServiceImpl.findWithStatus
2023-09-06 12:12:53 [DiscoveryClient-CacheRefreshExecutor-0] INFO  : Disable delta property : false
2023-09-06 12:12:53 [DiscoveryClient-CacheRefreshExecutor-0] INFO  : Single vip registry refresh property : null
2023-09-06 12:12:53 [DiscoveryClient-CacheRefreshExecutor-0] INFO  : Force full registry fetch : false
2023-09-06 12:12:53 [DiscoveryClient-CacheRefreshExecutor-0] INFO  : Application is null : false
2023-09-06 12:12:53 [DiscoveryClient-CacheRefreshExecutor-0] INFO  : Registered Applications size is zero : true
2023-09-06 12:12:53 [DiscoveryClient-CacheRefreshExecutor-0] INFO  : Application version is -1: false
2023-09-06 12:12:53 [DiscoveryClient-CacheRefreshExecutor-0] INFO  : Getting all instance registry info from the eureka server
2023-09-06 12:12:53 [DiscoveryClient-CacheRefreshExecutor-0] INFO  : The response status is 200
2023-09-06 12:14:21 [http-nio-8080-exec-7] INFO  : Entering com.maveric.csp.serviceimpl.SessionServiceImpl.createSession
2023-09-06 12:14:21 [http-nio-8080-exec-7] INFO  : Exiting com.maveric.csp.serviceimpl.SessionServiceImpl.createSession with result: SessionResponse(sessionId=SESSION_32, sessionName=SSSION FOR MUTUAL FUNDS, createdBy=PURUSHOTHAM, createdOn=Wed Sep 06 12:14:21 IST 2023, updatedOn=Wed Sep 06 12:14:21 IST 2023, status=A, remarks=NO REMARKS, archiveFlag=N, customerId=1, customerName=PURUSHOTHAM)
2023-09-06 12:14:37 [http-nio-8080-exec-9] INFO  : Entering com.maveric.csp.serviceimpl.SessionServiceImpl.createSession
2023-09-06 12:14:37 [http-nio-8080-exec-9] INFO  : Exiting com.maveric.csp.serviceimpl.SessionServiceImpl.createSession with result: SessionResponse(sessionId=SESSION_33, sessionName=SSSION FOR MUTUAL FUNDS1, createdBy=PURUSHOTHAM1, createdOn=Wed Sep 06 12:14:37 IST 2023, updatedOn=Wed Sep 06 12:14:37 IST 2023, status=A, remarks=NO REMARKS, archiveFlag=N, customerId=1, customerName=PURUSHOTHAM)
2023-09-06 12:14:49 [http-nio-8080-exec-8] INFO  : Entering com.maveric.csp.serviceimpl.SessionServiceImpl.createSession
2023-09-06 12:14:49 [http-nio-8080-exec-8] INFO  : Exiting com.maveric.csp.serviceimpl.SessionServiceImpl.createSession with result: SessionResponse(sessionId=SESSION_34, sessionName=SSSION FOR MUTUAL FUNDS2, createdBy=PURUSHOTHAM2, createdOn=Wed Sep 06 12:14:49 IST 2023, updatedOn=Wed Sep 06 12:14:49 IST 2023, status=A, remarks=NO REMARKS, archiveFlag=N, customerId=1, customerName=PURUSHOTHAM)
2023-09-06 12:15:10 [http-nio-8080-exec-10] INFO  : Entering com.maveric.csp.serviceimpl.SessionServiceImpl.createSession
2023-09-06 12:15:10 [http-nio-8080-exec-10] INFO  : Exiting com.maveric.csp.serviceimpl.SessionServiceImpl.createSession with result: SessionResponse(sessionId=SESSION_35, sessionName=SSSION FOR MUTUAL FUNDS3, createdBy=PURUSHOTHAM3, createdOn=Wed Sep 06 12:15:10 IST 2023, updatedOn=Wed Sep 06 12:15:10 IST 2023, status=A, remarks=NO REMARKS, archiveFlag=N, customerId=1, customerName=PURUSHOTHAM)
2023-09-06 12:15:36 [http-nio-8080-exec-1] INFO  : Entering com.maveric.csp.serviceimpl.SessionServiceImpl.findWithStatus
2023-09-06 12:15:36 [http-nio-8080-exec-1] INFO  : Exiting com.maveric.csp.serviceimpl.SessionServiceImpl.findWithStatus with result: SessionListResponse(content=[SessionResponse(sessionId=SESSION_35, sessionName=SSSION FOR MUTUAL FUNDS3, createdBy=PURUSHOTHAM3, createdOn=2023-09-06 12:15:10.415, updatedOn=2023-09-06 12:15:10.415, status=A, remarks=NO REMARKS, archiveFlag=N, customerId=1, customerName=PURUSHOTHAM), SessionResponse(sessionId=SESSION_34, sessionName=SSSION FOR MUTUAL FUNDS2, createdBy=PURUSHOTHAM2, createdOn=2023-09-06 12:14:49.019, updatedOn=2023-09-06 12:14:49.019, status=A, remarks=NO REMARKS, archiveFlag=N, customerId=1, customerName=PURUSHOTHAM), SessionResponse(sessionId=SESSION_33, sessionName=SSSION FOR MUTUAL FUNDS1, createdBy=PURUSHOTHAM1, createdOn=2023-09-06 12:14:37.536, updatedOn=2023-09-06 12:14:37.536, status=A, remarks=NO REMARKS, archiveFlag=N, customerId=1, customerName=PURUSHOTHAM), SessionResponse(sessionId=SESSION_32, sessionName=SSSION FOR MUTUAL FUNDS, createdBy=PURUSHOTHAM, createdOn=2023-09-06 12:14:21.517, updatedOn=2023-09-06 12:14:21.517, status=A, remarks=NO REMARKS, archiveFlag=N, customerId=1, customerName=PURUSHOTHAM)], totalElements=4)
2023-09-06 12:16:01 [http-nio-8080-exec-2] INFO  : Entering com.maveric.csp.serviceimpl.SessionServiceImpl.deleteSessionById
2023-09-06 12:16:01 [http-nio-8080-exec-2] INFO  : Exiting com.maveric.csp.serviceimpl.SessionServiceImpl.deleteSessionById with result: SessionDeleteResponse(message=session deleted successfully, status=200 OK)
2023-09-06 12:16:43 [SpringApplicationShutdownHook] INFO  : Unregistering application CSP-SERVICE with eureka with status DOWN
2023-09-06 12:16:43 [SpringApplicationShutdownHook] INFO  : Saw local status change event StatusChangeEvent [timestamp=1693982803548, current=DOWN, previous=UP]
2023-09-06 12:16:43 [DiscoveryClient-InstanceInfoReplicator-0] INFO  : DiscoveryClient_CSP-SERVICE/MAVLT1462.mavericsystems.lan:CSP-SERVICE: registering service...
2023-09-06 12:16:43 [DiscoveryClient-InstanceInfoReplicator-0] INFO  : DiscoveryClient_CSP-SERVICE/MAVLT1462.mavericsystems.lan:CSP-SERVICE - registration status: 204
2023-09-06 12:16:43 [SpringApplicationShutdownHook] INFO  : Closing JPA EntityManagerFactory for persistence unit 'default'
2023-09-06 12:16:43 [SpringApplicationShutdownHook] INFO  : HikariPool-1 - Shutdown initiated...
2023-09-06 12:16:43 [SpringApplicationShutdownHook] INFO  : HikariPool-1 - Shutdown completed.
2023-09-06 12:16:43 [SpringApplicationShutdownHook] INFO  : Shutting down DiscoveryClient ...
2023-09-06 12:16:46 [SpringApplicationShutdownHook] INFO  : Unregistering ...
2023-09-06 12:16:46 [SpringApplicationShutdownHook] INFO  : DiscoveryClient_CSP-SERVICE/MAVLT1462.mavericsystems.lan:CSP-SERVICE - deregister  status: 200
2023-09-06 12:16:46 [SpringApplicationShutdownHook] INFO  : Completed shut down of DiscoveryClient
2023-09-06 12:16:52 [background-preinit] INFO  : HV000001: Hibernate Validator 8.0.1.Final
2023-09-06 12:16:52 [main] INFO  : Starting CspApplication using Java 17.0.6 with PID 25604 (D:\csp\parent\csp\target\classes started by purushothamp in D:\csp\parent)
2023-09-06 12:16:52 [main] DEBUG : Running with Spring Boot v3.1.2, Spring v6.0.11
2023-09-06 12:16:52 [main] INFO  : No active profile set, falling back to 1 default profile: "default"
2023-09-06 12:16:54 [main] INFO  : Bootstrapping Spring Data JPA repositories in DEFAULT mode.
2023-09-06 12:16:54 [main] INFO  : Finished Spring Data repository scanning in 299 ms. Found 3 JPA repository interfaces.
2023-09-06 12:16:55 [main] INFO  : BeanFactory id=20e45bc2-c390-3cfd-b3a2-0625fd8b7ce8
2023-09-06 12:16:56 [main] INFO  : Tomcat initialized with port(s): 8080 (http)
2023-09-06 12:16:56 [main] INFO  : Initializing ProtocolHandler ["http-nio-8080"]
2023-09-06 12:16:56 [main] INFO  : Starting service [Tomcat]
2023-09-06 12:16:56 [main] INFO  : Starting Servlet engine: [Apache Tomcat/10.1.11]
2023-09-06 12:16:57 [main] INFO  : Initializing Spring embedded WebApplicationContext
2023-09-06 12:16:57 [main] INFO  : Root WebApplicationContext: initialization completed in 4775 ms
2023-09-06 12:16:57 [main] INFO  : HHH000204: Processing PersistenceUnitInfo [name: default]
2023-09-06 12:16:57 [main] INFO  : HHH000412: Hibernate ORM core version 6.2.6.Final
2023-09-06 12:16:57 [main] INFO  : HHH000406: Using bytecode reflection optimizer
2023-09-06 12:16:58 [main] INFO  : HHH000021: Bytecode provider name : bytebuddy
2023-09-06 12:16:58 [main] INFO  : No LoadTimeWeaver setup: ignoring JPA class transformer
2023-09-06 12:16:58 [main] INFO  : HikariPool-1 - Starting...
2023-09-06 12:16:58 [main] INFO  : HikariPool-1 - Added connection com.mysql.cj.jdbc.ConnectionImpl@38826984
2023-09-06 12:16:58 [main] INFO  : HikariPool-1 - Start completed.
2023-09-06 12:16:58 [main] WARN  : HHH90000026: MySQL8Dialect has been deprecated; use org.hibernate.dialect.MySQLDialect instead
2023-09-06 12:16:59 [main] INFO  : HHH000021: Bytecode provider name : bytebuddy
2023-09-06 12:17:00 [main] INFO  : HHH000490: Using JtaPlatform implementation: [org.hibernate.engine.transaction.jta.platform.internal.NoJtaPlatform]
2023-09-06 12:17:01 [main] INFO  : Initialized JPA EntityManagerFactory for persistence unit 'default'
2023-09-06 12:17:02 [main] INFO  : Hibernate is in classpath; If applicable, HQL parser will be used.
2023-09-06 12:17:02 [main] WARN  : spring.jpa.open-in-view is enabled by default. Therefore, database queries may be performed during view rendering. Explicitly configure spring.jpa.open-in-view to disable this warning
2023-09-06 12:17:04 [main] INFO  : Eureka HTTP Client uses RestTemplate.
2023-09-06 12:17:05 [main] WARN  : Spring Cloud LoadBalancer is currently working with the default cache. While this cache implementation is useful for development and tests, it's recommended to use Caffeine cache in production.You can switch to using Caffeine cache, by adding it and org.springframework.cache.caffeine.CaffeineCacheManager to the classpath.
2023-09-06 12:17:05 [main] INFO  : Setting initial instance status as: STARTING
2023-09-06 12:17:05 [main] INFO  : Initializing Eureka in region us-east-1
2023-09-06 12:17:05 [main] INFO  : Resolving eureka endpoints via configuration
2023-09-06 12:17:05 [main] INFO  : Disable delta property : false
2023-09-06 12:17:05 [main] INFO  : Single vip registry refresh property : null
2023-09-06 12:17:05 [main] INFO  : Force full registry fetch : false
2023-09-06 12:17:05 [main] INFO  : Application is null : false
2023-09-06 12:17:05 [main] INFO  : Registered Applications size is zero : true
2023-09-06 12:17:05 [main] INFO  : Application version is -1: true
2023-09-06 12:17:05 [main] INFO  : Getting all instance registry info from the eureka server
2023-09-06 12:17:06 [main] INFO  : The response status is 200
2023-09-06 12:17:06 [main] INFO  : Starting heartbeat executor: renew interval is: 30
2023-09-06 12:17:06 [main] INFO  : InstanceInfoReplicator onDemand update allowed rate per min is 4
2023-09-06 12:17:06 [main] INFO  : Discovery Client initialized at timestamp 1693982826462 with initial instances count: 0
2023-09-06 12:17:06 [main] INFO  : Registering application CSP-SERVICE with eureka with status UP
2023-09-06 12:17:06 [main] INFO  : Saw local status change event StatusChangeEvent [timestamp=1693982826483, current=UP, previous=STARTING]
2023-09-06 12:17:06 [main] INFO  : Starting ProtocolHandler ["http-nio-8080"]
2023-09-06 12:17:06 [DiscoveryClient-InstanceInfoReplicator-0] INFO  : DiscoveryClient_CSP-SERVICE/MAVLT1462.mavericsystems.lan:CSP-SERVICE: registering service...
2023-09-06 12:17:06 [main] INFO  : Tomcat started on port(s): 8080 (http) with context path ''
2023-09-06 12:17:06 [main] INFO  : Updating port to 8080
2023-09-06 12:17:06 [DiscoveryClient-InstanceInfoReplicator-0] INFO  : DiscoveryClient_CSP-SERVICE/MAVLT1462.mavericsystems.lan:CSP-SERVICE - registration status: 204
2023-09-06 12:17:06 [main] INFO  : Started CspApplication in 15.92 seconds (process running for 17.597)
2023-09-06 12:17:36 [DiscoveryClient-CacheRefreshExecutor-0] INFO  : Disable delta property : false
2023-09-06 12:17:36 [DiscoveryClient-CacheRefreshExecutor-0] INFO  : Single vip registry refresh property : null
2023-09-06 12:17:36 [DiscoveryClient-CacheRefreshExecutor-0] INFO  : Force full registry fetch : false
2023-09-06 12:17:36 [DiscoveryClient-CacheRefreshExecutor-0] INFO  : Application is null : false
2023-09-06 12:17:36 [DiscoveryClient-CacheRefreshExecutor-0] INFO  : Registered Applications size is zero : true
2023-09-06 12:17:36 [DiscoveryClient-CacheRefreshExecutor-0] INFO  : Application version is -1: false
2023-09-06 12:17:36 [DiscoveryClient-CacheRefreshExecutor-0] INFO  : Getting all instance registry info from the eureka server
2023-09-06 12:17:36 [DiscoveryClient-CacheRefreshExecutor-0] INFO  : The response status is 200
2023-09-06 12:18:53 [http-nio-8080-exec-1] INFO  : Initializing Spring DispatcherServlet 'dispatcherServlet'
2023-09-06 12:18:53 [http-nio-8080-exec-1] INFO  : Initializing Servlet 'dispatcherServlet'
2023-09-06 12:18:53 [http-nio-8080-exec-1] INFO  : Completed initialization in 4 ms
2023-09-06 12:18:53 [http-nio-8080-exec-1] INFO  : Entering com.maveric.csp.serviceimpl.SessionServiceImpl.updateToArchived
2023-09-06 12:18:54 [http-nio-8080-exec-1] INFO  : Exiting com.maveric.csp.serviceimpl.SessionServiceImpl.updateToArchived with result: SessionResponse(sessionId=SESSION_33, sessionName=SSSION FOR MUTUAL FUNDS1, createdBy=PURUSHOTHAM1, createdOn=2023-09-06 12:14:37.536, updatedOn=Wed Sep 06 12:18:54 IST 2023, status=X, remarks=NO REMARKS, archiveFlag=N, customerId=1, customerName=PURUSHOTHAM)
2023-09-06 12:22:05 [AsyncResolver-bootstrap-executor-0] INFO  : Resolving eureka endpoints via configuration
2023-09-06 12:27:05 [AsyncResolver-bootstrap-executor-0] INFO  : Resolving eureka endpoints via configuration
2023-09-06 12:30:15 [http-nio-8080-exec-10] INFO  : Init duration for springdoc-openapi is: 353 ms
2023-09-06 12:30:32 [http-nio-8080-exec-3] INFO  : Entering com.maveric.csp.serviceimpl.SessionServiceImpl.findWithStatus
2023-09-06 12:30:32 [http-nio-8080-exec-3] INFO  : Exiting com.maveric.csp.serviceimpl.SessionServiceImpl.findWithStatus with result: SessionListResponse(content=[SessionResponse(sessionId=SESSION_34, sessionName=SSSION FOR MUTUAL FUNDS2, createdBy=PURUSHOTHAM2, createdOn=2023-09-06 12:14:49.019, updatedOn=2023-09-06 12:14:49.019, status=A, remarks=NO REMARKS, archiveFlag=N, customerId=1, customerName=PURUSHOTHAM), SessionResponse(sessionId=SESSION_32, sessionName=SSSION FOR MUTUAL FUNDS, createdBy=PURUSHOTHAM, createdOn=2023-09-06 12:14:21.517, updatedOn=2023-09-06 12:14:21.517, status=A, remarks=NO REMARKS, archiveFlag=N, customerId=1, customerName=PURUSHOTHAM)], totalElements=2)
2023-09-06 12:32:05 [AsyncResolver-bootstrap-executor-0] INFO  : Resolving eureka endpoints via configuration
2023-09-06 12:35:29 [SpringApplicationShutdownHook] INFO  : Unregistering application CSP-SERVICE with eureka with status DOWN
2023-09-06 12:35:29 [SpringApplicationShutdownHook] INFO  : Saw local status change event StatusChangeEvent [timestamp=1693983929741, current=DOWN, previous=UP]
2023-09-06 12:35:29 [DiscoveryClient-InstanceInfoReplicator-0] INFO  : DiscoveryClient_CSP-SERVICE/MAVLT1462.mavericsystems.lan:CSP-SERVICE: registering service...
2023-09-06 12:35:29 [DiscoveryClient-InstanceInfoReplicator-0] INFO  : DiscoveryClient_CSP-SERVICE/MAVLT1462.mavericsystems.lan:CSP-SERVICE - registration status: 204
2023-09-06 12:35:29 [SpringApplicationShutdownHook] INFO  : Closing JPA EntityManagerFactory for persistence unit 'default'
2023-09-06 12:35:29 [SpringApplicationShutdownHook] INFO  : HikariPool-1 - Shutdown initiated...
2023-09-06 12:35:29 [SpringApplicationShutdownHook] INFO  : HikariPool-1 - Shutdown completed.
2023-09-06 12:35:29 [SpringApplicationShutdownHook] INFO  : Shutting down DiscoveryClient ...
2023-09-06 12:35:32 [SpringApplicationShutdownHook] INFO  : Unregistering ...
2023-09-06 12:35:32 [SpringApplicationShutdownHook] INFO  : DiscoveryClient_CSP-SERVICE/MAVLT1462.mavericsystems.lan:CSP-SERVICE - deregister  status: 200
2023-09-06 12:35:32 [SpringApplicationShutdownHook] INFO  : Completed shut down of DiscoveryClient
2023-09-06 12:35:43 [background-preinit] INFO  : HV000001: Hibernate Validator 8.0.1.Final
2023-09-06 12:35:43 [main] INFO  : Starting CspApplication using Java 17.0.6 with PID 964 (D:\csp\parent\csp\target\classes started by purushothamp in D:\csp\parent)
2023-09-06 12:35:43 [main] DEBUG : Running with Spring Boot v3.1.2, Spring v6.0.11
2023-09-06 12:35:43 [main] INFO  : No active profile set, falling back to 1 default profile: "default"
2023-09-06 12:35:45 [main] INFO  : Bootstrapping Spring Data JPA repositories in DEFAULT mode.
2023-09-06 12:35:45 [main] INFO  : Finished Spring Data repository scanning in 171 ms. Found 3 JPA repository interfaces.
2023-09-06 12:35:45 [main] INFO  : BeanFactory id=20e45bc2-c390-3cfd-b3a2-0625fd8b7ce8
2023-09-06 12:35:46 [main] INFO  : Tomcat initialized with port(s): 8080 (http)
2023-09-06 12:35:46 [main] INFO  : Initializing ProtocolHandler ["http-nio-8080"]
2023-09-06 12:35:46 [main] INFO  : Starting service [Tomcat]
2023-09-06 12:35:46 [main] INFO  : Starting Servlet engine: [Apache Tomcat/10.1.11]
2023-09-06 12:35:46 [main] INFO  : Initializing Spring embedded WebApplicationContext
2023-09-06 12:35:46 [main] INFO  : Root WebApplicationContext: initialization completed in 2566 ms
2023-09-06 12:35:46 [main] INFO  : HHH000204: Processing PersistenceUnitInfo [name: default]
2023-09-06 12:35:46 [main] INFO  : HHH000412: Hibernate ORM core version 6.2.6.Final
2023-09-06 12:35:46 [main] INFO  : HHH000406: Using bytecode reflection optimizer
2023-09-06 12:35:47 [main] INFO  : HHH000021: Bytecode provider name : bytebuddy
2023-09-06 12:35:47 [main] INFO  : No LoadTimeWeaver setup: ignoring JPA class transformer
2023-09-06 12:35:47 [main] INFO  : HikariPool-1 - Starting...
2023-09-06 12:35:47 [main] INFO  : HikariPool-1 - Added connection com.mysql.cj.jdbc.ConnectionImpl@38848217
2023-09-06 12:35:47 [main] INFO  : HikariPool-1 - Start completed.
2023-09-06 12:35:47 [main] WARN  : HHH90000026: MySQL8Dialect has been deprecated; use org.hibernate.dialect.MySQLDialect instead
2023-09-06 12:35:47 [main] INFO  : HHH000021: Bytecode provider name : bytebuddy
2023-09-06 12:35:48 [main] INFO  : HHH000490: Using JtaPlatform implementation: [org.hibernate.engine.transaction.jta.platform.internal.NoJtaPlatform]
2023-09-06 12:35:48 [main] INFO  : Initialized JPA EntityManagerFactory for persistence unit 'default'
2023-09-06 12:35:49 [main] INFO  : Hibernate is in classpath; If applicable, HQL parser will be used.
2023-09-06 12:35:49 [main] WARN  : spring.jpa.open-in-view is enabled by default. Therefore, database queries may be performed during view rendering. Explicitly configure spring.jpa.open-in-view to disable this warning
2023-09-06 12:35:50 [main] INFO  : Eureka HTTP Client uses RestTemplate.
2023-09-06 12:35:50 [main] WARN  : Spring Cloud LoadBalancer is currently working with the default cache. While this cache implementation is useful for development and tests, it's recommended to use Caffeine cache in production.You can switch to using Caffeine cache, by adding it and org.springframework.cache.caffeine.CaffeineCacheManager to the classpath.
2023-09-06 12:35:50 [main] INFO  : Setting initial instance status as: STARTING
2023-09-06 12:35:50 [main] INFO  : Initializing Eureka in region us-east-1
2023-09-06 12:35:50 [main] INFO  : Resolving eureka endpoints via configuration
2023-09-06 12:35:50 [main] INFO  : Disable delta property : false
2023-09-06 12:35:50 [main] INFO  : Single vip registry refresh property : null
2023-09-06 12:35:50 [main] INFO  : Force full registry fetch : false
2023-09-06 12:35:50 [main] INFO  : Application is null : false
2023-09-06 12:35:50 [main] INFO  : Registered Applications size is zero : true
2023-09-06 12:35:50 [main] INFO  : Application version is -1: true
2023-09-06 12:35:50 [main] INFO  : Getting all instance registry info from the eureka server
2023-09-06 12:35:51 [main] INFO  : The response status is 200
2023-09-06 12:35:51 [main] INFO  : Starting heartbeat executor: renew interval is: 30
2023-09-06 12:35:51 [main] INFO  : InstanceInfoReplicator onDemand update allowed rate per min is 4
2023-09-06 12:35:51 [main] INFO  : Discovery Client initialized at timestamp 1693983951547 with initial instances count: 1
2023-09-06 12:35:51 [main] INFO  : Registering application CSP-SERVICE with eureka with status UP
2023-09-06 12:35:51 [main] INFO  : Saw local status change event StatusChangeEvent [timestamp=1693983951565, current=UP, previous=STARTING]
2023-09-06 12:35:51 [DiscoveryClient-InstanceInfoReplicator-0] INFO  : DiscoveryClient_CSP-SERVICE/MAVLT1462.mavericsystems.lan:CSP-SERVICE: registering service...
2023-09-06 12:35:51 [main] INFO  : Starting ProtocolHandler ["http-nio-8080"]
2023-09-06 12:35:51 [main] INFO  : Tomcat started on port(s): 8080 (http) with context path ''
2023-09-06 12:35:51 [main] INFO  : Updating port to 8080
2023-09-06 12:35:51 [DiscoveryClient-InstanceInfoReplicator-0] INFO  : DiscoveryClient_CSP-SERVICE/MAVLT1462.mavericsystems.lan:CSP-SERVICE - registration status: 204
2023-09-06 12:35:51 [main] INFO  : Started CspApplication in 8.505 seconds (process running for 9.271)
2023-09-06 12:36:45 [http-nio-8080-exec-1] INFO  : Initializing Spring DispatcherServlet 'dispatcherServlet'
2023-09-06 12:36:45 [http-nio-8080-exec-1] INFO  : Initializing Servlet 'dispatcherServlet'
2023-09-06 12:36:45 [http-nio-8080-exec-1] INFO  : Completed initialization in 2 ms
2023-09-06 12:36:46 [http-nio-8080-exec-4] INFO  : Init duration for springdoc-openapi is: 551 ms
2023-09-06 12:40:51 [AsyncResolver-bootstrap-executor-0] INFO  : Resolving eureka endpoints via configuration
2023-09-06 12:45:51 [AsyncResolver-bootstrap-executor-0] INFO  : Resolving eureka endpoints via configuration
2023-09-06 12:50:51 [AsyncResolver-bootstrap-executor-0] INFO  : Resolving eureka endpoints via configuration
2023-09-06 12:55:51 [AsyncResolver-bootstrap-executor-0] INFO  : Resolving eureka endpoints via configuration
2023-09-06 13:00:51 [AsyncResolver-bootstrap-executor-0] INFO  : Resolving eureka endpoints via configuration
2023-09-06 13:05:51 [AsyncResolver-bootstrap-executor-0] INFO  : Resolving eureka endpoints via configuration
2023-09-06 13:10:51 [AsyncResolver-bootstrap-executor-0] INFO  : Resolving eureka endpoints via configuration
2023-09-06 13:15:51 [AsyncResolver-bootstrap-executor-0] INFO  : Resolving eureka endpoints via configuration
2023-09-06 13:20:51 [AsyncResolver-bootstrap-executor-0] INFO  : Resolving eureka endpoints via configuration
2023-09-06 13:25:51 [AsyncResolver-bootstrap-executor-0] INFO  : Resolving eureka endpoints via configuration
2023-09-06 14:17:06 [HikariPool-1 housekeeper] WARN  : HikariPool-1 - Thread starvation or clock leap detected (housekeeper delta=49m48s539ms26µs900ns).
2023-09-06 14:20:09 [AsyncResolver-bootstrap-executor-0] INFO  : Resolving eureka endpoints via configuration
2023-09-06 14:25:09 [AsyncResolver-bootstrap-executor-0] INFO  : Resolving eureka endpoints via configuration
2023-09-06 14:30:09 [AsyncResolver-bootstrap-executor-0] INFO  : Resolving eureka endpoints via configuration
2023-09-06 14:35:09 [AsyncResolver-bootstrap-executor-0] INFO  : Resolving eureka endpoints via configuration
2023-09-06 14:37:42 [DiscoveryClient-HeartbeatExecutor-0] INFO  : DiscoveryClient_CSP-SERVICE/MAVLT1462.mavericsystems.lan:CSP-SERVICE - Re-registering apps/CSP-SERVICE
2023-09-06 14:37:42 [DiscoveryClient-HeartbeatExecutor-0] INFO  : DiscoveryClient_CSP-SERVICE/MAVLT1462.mavericsystems.lan:CSP-SERVICE: registering service...
2023-09-06 14:37:42 [DiscoveryClient-HeartbeatExecutor-0] INFO  : DiscoveryClient_CSP-SERVICE/MAVLT1462.mavericsystems.lan:CSP-SERVICE - registration status: 204
2023-09-06 14:38:12 [DiscoveryClient-CacheRefreshExecutor-0] INFO  : Disable delta property : false
2023-09-06 14:38:12 [DiscoveryClient-CacheRefreshExecutor-0] INFO  : Single vip registry refresh property : null
2023-09-06 14:38:12 [DiscoveryClient-CacheRefreshExecutor-0] INFO  : Force full registry fetch : false
2023-09-06 14:38:12 [DiscoveryClient-CacheRefreshExecutor-0] INFO  : Application is null : false
2023-09-06 14:38:12 [DiscoveryClient-CacheRefreshExecutor-0] INFO  : Registered Applications size is zero : true
2023-09-06 14:38:12 [DiscoveryClient-CacheRefreshExecutor-0] INFO  : Application version is -1: false
2023-09-06 14:38:12 [DiscoveryClient-CacheRefreshExecutor-0] INFO  : Getting all instance registry info from the eureka server
2023-09-06 14:38:12 [DiscoveryClient-CacheRefreshExecutor-0] INFO  : The response status is 200
2023-09-06 14:40:09 [AsyncResolver-bootstrap-executor-0] INFO  : Resolving eureka endpoints via configuration
2023-09-06 14:45:09 [AsyncResolver-bootstrap-executor-0] INFO  : Resolving eureka endpoints via configuration
2023-09-06 14:45:42 [DiscoveryClient-HeartbeatExecutor-0] INFO  : DiscoveryClient_CSP-SERVICE/MAVLT1462.mavericsystems.lan:CSP-SERVICE - Re-registering apps/CSP-SERVICE
2023-09-06 14:45:42 [DiscoveryClient-HeartbeatExecutor-0] INFO  : DiscoveryClient_CSP-SERVICE/MAVLT1462.mavericsystems.lan:CSP-SERVICE: registering service...
2023-09-06 14:45:42 [DiscoveryClient-HeartbeatExecutor-0] INFO  : DiscoveryClient_CSP-SERVICE/MAVLT1462.mavericsystems.lan:CSP-SERVICE - registration status: 204
2023-09-06 14:50:09 [AsyncResolver-bootstrap-executor-0] INFO  : Resolving eureka endpoints via configuration
2023-09-06 14:51:13 [DiscoveryClient-HeartbeatExecutor-0] INFO  : DiscoveryClient_CSP-SERVICE/MAVLT1462.mavericsystems.lan:CSP-SERVICE - Re-registering apps/CSP-SERVICE
2023-09-06 14:51:13 [DiscoveryClient-HeartbeatExecutor-0] INFO  : DiscoveryClient_CSP-SERVICE/MAVLT1462.mavericsystems.lan:CSP-SERVICE: registering service...
2023-09-06 14:51:13 [DiscoveryClient-HeartbeatExecutor-0] INFO  : DiscoveryClient_CSP-SERVICE/MAVLT1462.mavericsystems.lan:CSP-SERVICE - registration status: 204
2023-09-06 14:55:09 [AsyncResolver-bootstrap-executor-0] INFO  : Resolving eureka endpoints via configuration
2023-09-06 14:56:13 [DiscoveryClient-HeartbeatExecutor-0] INFO  : DiscoveryClient_CSP-SERVICE/MAVLT1462.mavericsystems.lan:CSP-SERVICE - Re-registering apps/CSP-SERVICE
2023-09-06 14:56:13 [DiscoveryClient-HeartbeatExecutor-0] INFO  : DiscoveryClient_CSP-SERVICE/MAVLT1462.mavericsystems.lan:CSP-SERVICE: registering service...
2023-09-06 14:56:13 [DiscoveryClient-HeartbeatExecutor-0] INFO  : DiscoveryClient_CSP-SERVICE/MAVLT1462.mavericsystems.lan:CSP-SERVICE - registration status: 204
2023-09-06 14:59:13 [DiscoveryClient-HeartbeatExecutor-0] INFO  : DiscoveryClient_CSP-SERVICE/MAVLT1462.mavericsystems.lan:CSP-SERVICE - Re-registering apps/CSP-SERVICE
2023-09-06 14:59:13 [DiscoveryClient-HeartbeatExecutor-0] INFO  : DiscoveryClient_CSP-SERVICE/MAVLT1462.mavericsystems.lan:CSP-SERVICE: registering service...
2023-09-06 14:59:13 [DiscoveryClient-HeartbeatExecutor-0] INFO  : DiscoveryClient_CSP-SERVICE/MAVLT1462.mavericsystems.lan:CSP-SERVICE - registration status: 204
2023-09-06 15:00:09 [AsyncResolver-bootstrap-executor-0] INFO  : Resolving eureka endpoints via configuration
2023-09-06 15:01:43 [DiscoveryClient-HeartbeatExecutor-0] INFO  : DiscoveryClient_CSP-SERVICE/MAVLT1462.mavericsystems.lan:CSP-SERVICE - Re-registering apps/CSP-SERVICE
2023-09-06 15:01:43 [DiscoveryClient-HeartbeatExecutor-0] INFO  : DiscoveryClient_CSP-SERVICE/MAVLT1462.mavericsystems.lan:CSP-SERVICE: registering service...
2023-09-06 15:01:43 [DiscoveryClient-HeartbeatExecutor-0] INFO  : DiscoveryClient_CSP-SERVICE/MAVLT1462.mavericsystems.lan:CSP-SERVICE - registration status: 204
2023-09-06 15:04:13 [DiscoveryClient-HeartbeatExecutor-0] INFO  : DiscoveryClient_CSP-SERVICE/MAVLT1462.mavericsystems.lan:CSP-SERVICE - Re-registering apps/CSP-SERVICE
2023-09-06 15:04:13 [DiscoveryClient-HeartbeatExecutor-0] INFO  : DiscoveryClient_CSP-SERVICE/MAVLT1462.mavericsystems.lan:CSP-SERVICE: registering service...
2023-09-06 15:04:13 [DiscoveryClient-HeartbeatExecutor-0] INFO  : DiscoveryClient_CSP-SERVICE/MAVLT1462.mavericsystems.lan:CSP-SERVICE - registration status: 204
2023-09-06 15:05:09 [AsyncResolver-bootstrap-executor-0] INFO  : Resolving eureka endpoints via configuration
2023-09-06 15:05:13 [DiscoveryClient-HeartbeatExecutor-0] INFO  : DiscoveryClient_CSP-SERVICE/MAVLT1462.mavericsystems.lan:CSP-SERVICE - Re-registering apps/CSP-SERVICE
2023-09-06 15:05:13 [DiscoveryClient-HeartbeatExecutor-0] INFO  : DiscoveryClient_CSP-SERVICE/MAVLT1462.mavericsystems.lan:CSP-SERVICE: registering service...
2023-09-06 15:05:13 [DiscoveryClient-HeartbeatExecutor-0] INFO  : DiscoveryClient_CSP-SERVICE/MAVLT1462.mavericsystems.lan:CSP-SERVICE - registration status: 204
2023-09-06 15:06:43 [DiscoveryClient-HeartbeatExecutor-0] INFO  : DiscoveryClient_CSP-SERVICE/MAVLT1462.mavericsystems.lan:CSP-SERVICE - Re-registering apps/CSP-SERVICE
2023-09-06 15:06:43 [DiscoveryClient-HeartbeatExecutor-0] INFO  : DiscoveryClient_CSP-SERVICE/MAVLT1462.mavericsystems.lan:CSP-SERVICE: registering service...
2023-09-06 15:06:43 [DiscoveryClient-HeartbeatExecutor-0] INFO  : DiscoveryClient_CSP-SERVICE/MAVLT1462.mavericsystems.lan:CSP-SERVICE - registration status: 204
2023-09-06 15:07:43 [DiscoveryClient-HeartbeatExecutor-0] INFO  : DiscoveryClient_CSP-SERVICE/MAVLT1462.mavericsystems.lan:CSP-SERVICE - Re-registering apps/CSP-SERVICE
2023-09-06 15:07:43 [DiscoveryClient-HeartbeatExecutor-0] INFO  : DiscoveryClient_CSP-SERVICE/MAVLT1462.mavericsystems.lan:CSP-SERVICE: registering service...
2023-09-06 15:07:43 [DiscoveryClient-HeartbeatExecutor-0] INFO  : DiscoveryClient_CSP-SERVICE/MAVLT1462.mavericsystems.lan:CSP-SERVICE - registration status: 204
2023-09-06 15:09:13 [DiscoveryClient-HeartbeatExecutor-0] INFO  : DiscoveryClient_CSP-SERVICE/MAVLT1462.mavericsystems.lan:CSP-SERVICE - Re-registering apps/CSP-SERVICE
2023-09-06 15:09:13 [DiscoveryClient-HeartbeatExecutor-0] INFO  : DiscoveryClient_CSP-SERVICE/MAVLT1462.mavericsystems.lan:CSP-SERVICE: registering service...
2023-09-06 15:09:13 [DiscoveryClient-HeartbeatExecutor-0] INFO  : DiscoveryClient_CSP-SERVICE/MAVLT1462.mavericsystems.lan:CSP-SERVICE - registration status: 204
2023-09-06 15:10:09 [AsyncResolver-bootstrap-executor-0] INFO  : Resolving eureka endpoints via configuration
2023-09-06 15:12:43 [DiscoveryClient-HeartbeatExecutor-0] INFO  : DiscoveryClient_CSP-SERVICE/MAVLT1462.mavericsystems.lan:CSP-SERVICE - Re-registering apps/CSP-SERVICE
2023-09-06 15:12:43 [DiscoveryClient-HeartbeatExecutor-0] INFO  : DiscoveryClient_CSP-SERVICE/MAVLT1462.mavericsystems.lan:CSP-SERVICE: registering service...
2023-09-06 15:12:43 [DiscoveryClient-HeartbeatExecutor-0] INFO  : DiscoveryClient_CSP-SERVICE/MAVLT1462.mavericsystems.lan:CSP-SERVICE - registration status: 204
2023-09-06 15:15:09 [AsyncResolver-bootstrap-executor-0] INFO  : Resolving eureka endpoints via configuration
2023-09-06 15:15:13 [DiscoveryClient-HeartbeatExecutor-0] INFO  : DiscoveryClient_CSP-SERVICE/MAVLT1462.mavericsystems.lan:CSP-SERVICE - Re-registering apps/CSP-SERVICE
2023-09-06 15:15:13 [DiscoveryClient-HeartbeatExecutor-0] INFO  : DiscoveryClient_CSP-SERVICE/MAVLT1462.mavericsystems.lan:CSP-SERVICE: registering service...
2023-09-06 15:15:13 [DiscoveryClient-HeartbeatExecutor-0] INFO  : DiscoveryClient_CSP-SERVICE/MAVLT1462.mavericsystems.lan:CSP-SERVICE - registration status: 204
2023-09-06 15:20:09 [AsyncResolver-bootstrap-executor-0] INFO  : Resolving eureka endpoints via configuration
2023-09-06 15:25:09 [AsyncResolver-bootstrap-executor-0] INFO  : Resolving eureka endpoints via configuration
2023-09-06 15:30:09 [AsyncResolver-bootstrap-executor-0] INFO  : Resolving eureka endpoints via configuration
2023-09-06 15:35:09 [AsyncResolver-bootstrap-executor-0] INFO  : Resolving eureka endpoints via configuration
2023-09-06 15:39:14 [DiscoveryClient-HeartbeatExecutor-0] INFO  : DiscoveryClient_CSP-SERVICE/MAVLT1462.mavericsystems.lan:CSP-SERVICE - Re-registering apps/CSP-SERVICE
2023-09-06 15:39:14 [DiscoveryClient-HeartbeatExecutor-0] INFO  : DiscoveryClient_CSP-SERVICE/MAVLT1462.mavericsystems.lan:CSP-SERVICE: registering service...
2023-09-06 15:39:14 [DiscoveryClient-HeartbeatExecutor-0] INFO  : DiscoveryClient_CSP-SERVICE/MAVLT1462.mavericsystems.lan:CSP-SERVICE - registration status: 204
2023-09-06 15:40:09 [AsyncResolver-bootstrap-executor-0] INFO  : Resolving eureka endpoints via configuration
2023-09-06 15:40:14 [DiscoveryClient-HeartbeatExecutor-0] INFO  : DiscoveryClient_CSP-SERVICE/MAVLT1462.mavericsystems.lan:CSP-SERVICE - Re-registering apps/CSP-SERVICE
2023-09-06 15:40:14 [DiscoveryClient-HeartbeatExecutor-0] INFO  : DiscoveryClient_CSP-SERVICE/MAVLT1462.mavericsystems.lan:CSP-SERVICE: registering service...
2023-09-06 15:40:14 [DiscoveryClient-HeartbeatExecutor-0] INFO  : DiscoveryClient_CSP-SERVICE/MAVLT1462.mavericsystems.lan:CSP-SERVICE - registration status: 204
2023-09-06 15:41:14 [DiscoveryClient-HeartbeatExecutor-0] INFO  : DiscoveryClient_CSP-SERVICE/MAVLT1462.mavericsystems.lan:CSP-SERVICE - Re-registering apps/CSP-SERVICE
2023-09-06 15:41:14 [DiscoveryClient-HeartbeatExecutor-0] INFO  : DiscoveryClient_CSP-SERVICE/MAVLT1462.mavericsystems.lan:CSP-SERVICE: registering service...
2023-09-06 15:41:14 [DiscoveryClient-HeartbeatExecutor-0] INFO  : DiscoveryClient_CSP-SERVICE/MAVLT1462.mavericsystems.lan:CSP-SERVICE - registration status: 204
2023-09-06 15:42:44 [DiscoveryClient-HeartbeatExecutor-0] INFO  : DiscoveryClient_CSP-SERVICE/MAVLT1462.mavericsystems.lan:CSP-SERVICE - Re-registering apps/CSP-SERVICE
2023-09-06 15:42:44 [DiscoveryClient-HeartbeatExecutor-0] INFO  : DiscoveryClient_CSP-SERVICE/MAVLT1462.mavericsystems.lan:CSP-SERVICE: registering service...
2023-09-06 15:42:44 [DiscoveryClient-HeartbeatExecutor-0] INFO  : DiscoveryClient_CSP-SERVICE/MAVLT1462.mavericsystems.lan:CSP-SERVICE - registration status: 204
2023-09-06 15:43:44 [DiscoveryClient-HeartbeatExecutor-0] INFO  : DiscoveryClient_CSP-SERVICE/MAVLT1462.mavericsystems.lan:CSP-SERVICE - Re-registering apps/CSP-SERVICE
2023-09-06 15:43:44 [DiscoveryClient-HeartbeatExecutor-0] INFO  : DiscoveryClient_CSP-SERVICE/MAVLT1462.mavericsystems.lan:CSP-SERVICE: registering service...
2023-09-06 15:43:44 [DiscoveryClient-HeartbeatExecutor-0] INFO  : DiscoveryClient_CSP-SERVICE/MAVLT1462.mavericsystems.lan:CSP-SERVICE - registration status: 204
2023-09-06 15:44:14 [DiscoveryClient-HeartbeatExecutor-0] INFO  : DiscoveryClient_CSP-SERVICE/MAVLT1462.mavericsystems.lan:CSP-SERVICE - Re-registering apps/CSP-SERVICE
2023-09-06 15:44:14 [DiscoveryClient-HeartbeatExecutor-0] INFO  : DiscoveryClient_CSP-SERVICE/MAVLT1462.mavericsystems.lan:CSP-SERVICE: registering service...
2023-09-06 15:44:14 [DiscoveryClient-HeartbeatExecutor-0] INFO  : DiscoveryClient_CSP-SERVICE/MAVLT1462.mavericsystems.lan:CSP-SERVICE - registration status: 204
2023-09-06 15:45:09 [AsyncResolver-bootstrap-executor-0] INFO  : Resolving eureka endpoints via configuration
2023-09-06 15:45:14 [DiscoveryClient-HeartbeatExecutor-0] INFO  : DiscoveryClient_CSP-SERVICE/MAVLT1462.mavericsystems.lan:CSP-SERVICE - Re-registering apps/CSP-SERVICE
2023-09-06 15:45:14 [DiscoveryClient-HeartbeatExecutor-0] INFO  : DiscoveryClient_CSP-SERVICE/MAVLT1462.mavericsystems.lan:CSP-SERVICE: registering service...
2023-09-06 15:45:14 [DiscoveryClient-HeartbeatExecutor-0] INFO  : DiscoveryClient_CSP-SERVICE/MAVLT1462.mavericsystems.lan:CSP-SERVICE - registration status: 204
2023-09-06 15:50:09 [AsyncResolver-bootstrap-executor-0] INFO  : Resolving eureka endpoints via configuration
2023-09-06 15:55:09 [AsyncResolver-bootstrap-executor-0] INFO  : Resolving eureka endpoints via configuration
2023-09-06 15:57:44 [DiscoveryClient-HeartbeatExecutor-0] INFO  : DiscoveryClient_CSP-SERVICE/MAVLT1462.mavericsystems.lan:CSP-SERVICE - Re-registering apps/CSP-SERVICE
2023-09-06 15:57:44 [DiscoveryClient-HeartbeatExecutor-0] INFO  : DiscoveryClient_CSP-SERVICE/MAVLT1462.mavericsystems.lan:CSP-SERVICE: registering service...
2023-09-06 15:57:44 [DiscoveryClient-HeartbeatExecutor-0] INFO  : DiscoveryClient_CSP-SERVICE/MAVLT1462.mavericsystems.lan:CSP-SERVICE - registration status: 204
2023-09-06 16:00:09 [AsyncResolver-bootstrap-executor-0] INFO  : Resolving eureka endpoints via configuration
2023-09-06 16:00:15 [DiscoveryClient-HeartbeatExecutor-0] INFO  : DiscoveryClient_CSP-SERVICE/MAVLT1462.mavericsystems.lan:CSP-SERVICE - Re-registering apps/CSP-SERVICE
2023-09-06 16:00:15 [DiscoveryClient-HeartbeatExecutor-0] INFO  : DiscoveryClient_CSP-SERVICE/MAVLT1462.mavericsystems.lan:CSP-SERVICE: registering service...
2023-09-06 16:00:15 [DiscoveryClient-HeartbeatExecutor-0] INFO  : DiscoveryClient_CSP-SERVICE/MAVLT1462.mavericsystems.lan:CSP-SERVICE - registration status: 204
2023-09-06 16:01:15 [DiscoveryClient-HeartbeatExecutor-0] INFO  : DiscoveryClient_CSP-SERVICE/MAVLT1462.mavericsystems.lan:CSP-SERVICE - Re-registering apps/CSP-SERVICE
2023-09-06 16:01:15 [DiscoveryClient-HeartbeatExecutor-0] INFO  : DiscoveryClient_CSP-SERVICE/MAVLT1462.mavericsystems.lan:CSP-SERVICE: registering service...
2023-09-06 16:01:15 [DiscoveryClient-HeartbeatExecutor-0] INFO  : DiscoveryClient_CSP-SERVICE/MAVLT1462.mavericsystems.lan:CSP-SERVICE - registration status: 204
2023-09-06 16:05:09 [AsyncResolver-bootstrap-executor-0] INFO  : Resolving eureka endpoints via configuration
2023-09-06 16:10:09 [AsyncResolver-bootstrap-executor-0] INFO  : Resolving eureka endpoints via configuration
2023-09-06 16:15:09 [AsyncResolver-bootstrap-executor-0] INFO  : Resolving eureka endpoints via configuration
2023-09-06 16:17:45 [DiscoveryClient-HeartbeatExecutor-0] INFO  : DiscoveryClient_CSP-SERVICE/MAVLT1462.mavericsystems.lan:CSP-SERVICE - Re-registering apps/CSP-SERVICE
2023-09-06 16:17:45 [DiscoveryClient-HeartbeatExecutor-0] INFO  : DiscoveryClient_CSP-SERVICE/MAVLT1462.mavericsystems.lan:CSP-SERVICE: registering service...
2023-09-06 16:17:45 [DiscoveryClient-HeartbeatExecutor-0] INFO  : DiscoveryClient_CSP-SERVICE/MAVLT1462.mavericsystems.lan:CSP-SERVICE - registration status: 204
2023-09-06 16:18:15 [DiscoveryClient-CacheRefreshExecutor-0] INFO  : Disable delta property : false
2023-09-06 16:18:15 [DiscoveryClient-CacheRefreshExecutor-0] INFO  : Single vip registry refresh property : null
2023-09-06 16:18:15 [DiscoveryClient-CacheRefreshExecutor-0] INFO  : Force full registry fetch : false
2023-09-06 16:18:15 [DiscoveryClient-CacheRefreshExecutor-0] INFO  : Application is null : false
2023-09-06 16:18:15 [DiscoveryClient-CacheRefreshExecutor-0] INFO  : Registered Applications size is zero : true
2023-09-06 16:18:15 [DiscoveryClient-CacheRefreshExecutor-0] INFO  : Application version is -1: false
2023-09-06 16:18:15 [DiscoveryClient-CacheRefreshExecutor-0] INFO  : Getting all instance registry info from the eureka server
2023-09-06 16:18:15 [DiscoveryClient-CacheRefreshExecutor-0] INFO  : The response status is 200
2023-09-06 16:19:15 [DiscoveryClient-HeartbeatExecutor-0] INFO  : DiscoveryClient_CSP-SERVICE/MAVLT1462.mavericsystems.lan:CSP-SERVICE - Re-registering apps/CSP-SERVICE
2023-09-06 16:19:15 [DiscoveryClient-HeartbeatExecutor-0] INFO  : DiscoveryClient_CSP-SERVICE/MAVLT1462.mavericsystems.lan:CSP-SERVICE: registering service...
2023-09-06 16:19:15 [DiscoveryClient-HeartbeatExecutor-0] INFO  : DiscoveryClient_CSP-SERVICE/MAVLT1462.mavericsystems.lan:CSP-SERVICE - registration status: 204
2023-09-06 16:20:09 [AsyncResolver-bootstrap-executor-0] INFO  : Resolving eureka endpoints via configuration
2023-09-06 16:20:45 [DiscoveryClient-HeartbeatExecutor-0] INFO  : DiscoveryClient_CSP-SERVICE/MAVLT1462.mavericsystems.lan:CSP-SERVICE - Re-registering apps/CSP-SERVICE
2023-09-06 16:20:45 [DiscoveryClient-HeartbeatExecutor-0] INFO  : DiscoveryClient_CSP-SERVICE/MAVLT1462.mavericsystems.lan:CSP-SERVICE: registering service...
2023-09-06 16:20:45 [DiscoveryClient-HeartbeatExecutor-0] INFO  : DiscoveryClient_CSP-SERVICE/MAVLT1462.mavericsystems.lan:CSP-SERVICE - registration status: 204
2023-09-06 16:22:15 [DiscoveryClient-HeartbeatExecutor-0] INFO  : DiscoveryClient_CSP-SERVICE/MAVLT1462.mavericsystems.lan:CSP-SERVICE - Re-registering apps/CSP-SERVICE
2023-09-06 16:22:15 [DiscoveryClient-HeartbeatExecutor-0] INFO  : DiscoveryClient_CSP-SERVICE/MAVLT1462.mavericsystems.lan:CSP-SERVICE: registering service...
2023-09-06 16:22:15 [DiscoveryClient-HeartbeatExecutor-0] INFO  : DiscoveryClient_CSP-SERVICE/MAVLT1462.mavericsystems.lan:CSP-SERVICE - registration status: 204
2023-09-06 16:23:15 [DiscoveryClient-HeartbeatExecutor-0] INFO  : DiscoveryClient_CSP-SERVICE/MAVLT1462.mavericsystems.lan:CSP-SERVICE - Re-registering apps/CSP-SERVICE
2023-09-06 16:23:15 [DiscoveryClient-HeartbeatExecutor-0] INFO  : DiscoveryClient_CSP-SERVICE/MAVLT1462.mavericsystems.lan:CSP-SERVICE: registering service...
2023-09-06 16:23:15 [DiscoveryClient-HeartbeatExecutor-0] INFO  : DiscoveryClient_CSP-SERVICE/MAVLT1462.mavericsystems.lan:CSP-SERVICE - registration status: 204
2023-09-06 16:24:15 [DiscoveryClient-HeartbeatExecutor-0] INFO  : DiscoveryClient_CSP-SERVICE/MAVLT1462.mavericsystems.lan:CSP-SERVICE - Re-registering apps/CSP-SERVICE
2023-09-06 16:24:15 [DiscoveryClient-HeartbeatExecutor-0] INFO  : DiscoveryClient_CSP-SERVICE/MAVLT1462.mavericsystems.lan:CSP-SERVICE: registering service...
2023-09-06 16:24:15 [DiscoveryClient-HeartbeatExecutor-0] INFO  : DiscoveryClient_CSP-SERVICE/MAVLT1462.mavericsystems.lan:CSP-SERVICE - registration status: 204
2023-09-06 16:25:09 [AsyncResolver-bootstrap-executor-0] INFO  : Resolving eureka endpoints via configuration
2023-09-06 16:26:15 [DiscoveryClient-HeartbeatExecutor-0] INFO  : DiscoveryClient_CSP-SERVICE/MAVLT1462.mavericsystems.lan:CSP-SERVICE - Re-registering apps/CSP-SERVICE
2023-09-06 16:26:15 [DiscoveryClient-HeartbeatExecutor-0] INFO  : DiscoveryClient_CSP-SERVICE/MAVLT1462.mavericsystems.lan:CSP-SERVICE: registering service...
2023-09-06 16:26:15 [DiscoveryClient-HeartbeatExecutor-0] INFO  : DiscoveryClient_CSP-SERVICE/MAVLT1462.mavericsystems.lan:CSP-SERVICE - registration status: 204
2023-09-06 16:27:15 [DiscoveryClient-HeartbeatExecutor-0] INFO  : DiscoveryClient_CSP-SERVICE/MAVLT1462.mavericsystems.lan:CSP-SERVICE - Re-registering apps/CSP-SERVICE
2023-09-06 16:27:15 [DiscoveryClient-HeartbeatExecutor-0] INFO  : DiscoveryClient_CSP-SERVICE/MAVLT1462.mavericsystems.lan:CSP-SERVICE: registering service...
2023-09-06 16:27:15 [DiscoveryClient-HeartbeatExecutor-0] INFO  : DiscoveryClient_CSP-SERVICE/MAVLT1462.mavericsystems.lan:CSP-SERVICE - registration status: 204
2023-09-06 16:28:45 [DiscoveryClient-HeartbeatExecutor-0] INFO  : DiscoveryClient_CSP-SERVICE/MAVLT1462.mavericsystems.lan:CSP-SERVICE - Re-registering apps/CSP-SERVICE
2023-09-06 16:28:45 [DiscoveryClient-HeartbeatExecutor-0] INFO  : DiscoveryClient_CSP-SERVICE/MAVLT1462.mavericsystems.lan:CSP-SERVICE: registering service...
2023-09-06 16:28:45 [DiscoveryClient-HeartbeatExecutor-0] INFO  : DiscoveryClient_CSP-SERVICE/MAVLT1462.mavericsystems.lan:CSP-SERVICE - registration status: 204
2023-09-06 16:30:09 [AsyncResolver-bootstrap-executor-0] INFO  : Resolving eureka endpoints via configuration
2023-09-06 16:35:09 [AsyncResolver-bootstrap-executor-0] INFO  : Resolving eureka endpoints via configuration
2023-09-06 16:40:09 [AsyncResolver-bootstrap-executor-0] INFO  : Resolving eureka endpoints via configuration
2023-09-06 16:41:16 [DiscoveryClient-HeartbeatExecutor-0] INFO  : DiscoveryClient_CSP-SERVICE/MAVLT1462.mavericsystems.lan:CSP-SERVICE - Re-registering apps/CSP-SERVICE
2023-09-06 16:41:16 [DiscoveryClient-HeartbeatExecutor-0] INFO  : DiscoveryClient_CSP-SERVICE/MAVLT1462.mavericsystems.lan:CSP-SERVICE: registering service...
2023-09-06 16:41:16 [DiscoveryClient-HeartbeatExecutor-0] INFO  : DiscoveryClient_CSP-SERVICE/MAVLT1462.mavericsystems.lan:CSP-SERVICE - registration status: 204
2023-09-06 16:45:09 [AsyncResolver-bootstrap-executor-0] INFO  : Resolving eureka endpoints via configuration
2023-09-06 16:50:09 [AsyncResolver-bootstrap-executor-0] INFO  : Resolving eureka endpoints via configuration
2023-09-06 16:55:09 [AsyncResolver-bootstrap-executor-0] INFO  : Resolving eureka endpoints via configuration
